<?xml version="1.0" encoding="UTF-8"?>
<testng-results skipped="0" failed="0" ignored="0" total="1" passed="1">
  <reporter-output>
  </reporter-output>
  <suite name="Default suite" duration-ms="127272" started-at="2022-02-02T20:44:43 IST" finished-at="2022-02-02T20:46:50 IST">
    <groups>
    </groups>
    <test name="Default test" duration-ms="127272" started-at="2022-02-02T20:44:43 IST" finished-at="2022-02-02T20:46:50 IST">
      <class name="com.vijay.Extentreport.ExtentReportDemo">
        <test-method status="PASS" signature="config()[pri:0, instance:com.vijay.Extentreport.ExtentReportDemo@b3d7190]" name="config" is-config="true" duration-ms="5674" started-at="2022-02-02T20:44:43 IST" finished-at="2022-02-02T20:44:49 IST">
          <reporter-output>
          </reporter-output>
        </test-method> <!-- config -->
        <test-method status="PASS" signature="initialDemo()[pri:0, instance:com.vijay.Extentreport.ExtentReportDemo@b3d7190]" name="initialDemo" duration-ms="121197" started-at="2022-02-02T20:44:49 IST" finished-at="2022-02-02T20:46:50 IST">
          <reporter-output>
          </reporter-output>
        </test-method> <!-- initialDemo -->
      </class> <!-- com.vijay.Extentreport.ExtentReportDemo -->
    </test> <!-- Default test -->
  </suite> <!-- Default suite -->
</testng-results>
